
    Request: GET
    Handler: NilClass#
    Parameters: 
    Response: 404 [] 
    
    Request: GET
    Handler: NilClass#
    Parameters: 
    Response: 404 [] 
    
    Request: GET
    Handler: TestsController#index
    Parameters: {}
    Response: 200 [text/html] 
    
    Request: GET
    Handler: TestsController#show
    Parameters: {"id"=>"1"}
    Response: 201 [text/html] 
    
    Request: GET
    Handler: TestsController#show
    Parameters: {"id"=>"2"}
    Response: 201 [text/html] 
    
    Request: GET
    Handler: TestsController#show
    Parameters: {"id"=>"3"}
    Response: 201 [text/html] 
    
    Request: GET
    Handler: TestsController#show
    Parameters: {"id"=>"4"}
    Response: 201 [text/html] 
    